<?xml version="1.0" encoding="UTF-8"?>
<!-- Generated by org.testng.reporters.JUnitReportReporter -->
<testsuite hostname="Akshay-PC" failures="0" tests="1" name="stagingmain.legalops.com.LoginPage" time="11.120" errors="0" timestamp="2024-07-25T15:16:35 IST" skipped="0">
  <testcase classname="stagingmain.legalops.com.LoginPage" name="login" time="11.120"/>
  <system-out/>
</testsuite> <!-- stagingmain.legalops.com.LoginPage -->
